<?xml version="1.0" encoding="UTF-8"?>
<testsuite xmlns:xsi="http://www.w3.org/2001/XMLSchema-instance" xsi:noNamespaceSchemaLocation="https://maven.apache.org/surefire/maven-surefire-plugin/xsd/surefire-test-report.xsd" name="org.cinexin.AppTest" time="0.032" tests="1" errors="0" skipped="0" failures="0">
  <properties>
    <property name="java.specification.version" value="13"/>
    <property name="sun.cpu.isalist" value="amd64"/>
    <property name="sun.jnu.encoding" value="Cp1252"/>
    <property name="java.class.path" value="C:\Users\migui\Coding\spring-cloud-sample\microservices\currency-exchange-service\target\test-classes;C:\Users\migui\Coding\spring-cloud-sample\microservices\currency-exchange-service\target\classes;C:\Users\migui\.m2\repository\junit\junit\4.11\junit-4.11.jar;C:\Users\migui\.m2\repository\org\hamcrest\hamcrest-core\1.3\hamcrest-core-1.3.jar;C:\Users\migui\.m2\repository\org\springframework\cloud\spring-cloud-starter-config\2.1.0.RELEASE\spring-cloud-starter-config-2.1.0.RELEASE.jar;C:\Users\migui\.m2\repository\org\springframework\cloud\spring-cloud-starter\2.1.0.RELEASE\spring-cloud-starter-2.1.0.RELEASE.jar;C:\Users\migui\.m2\repository\org\springframework\cloud\spring-cloud-context\2.1.0.RELEASE\spring-cloud-context-2.1.0.RELEASE.jar;C:\Users\migui\.m2\repository\org\springframework\security\spring-security-rsa\1.0.7.RELEASE\spring-security-rsa-1.0.7.RELEASE.jar;C:\Users\migui\.m2\repository\org\bouncycastle\bcpkix-jdk15on\1.60\bcpkix-jdk15on-1.60.jar;C:\Users\migui\.m2\repository\org\bouncycastle\bcprov-jdk15on\1.60\bcprov-jdk15on-1.60.jar;C:\Users\migui\.m2\repository\org\springframework\cloud\spring-cloud-config-client\2.1.0.RELEASE\spring-cloud-config-client-2.1.0.RELEASE.jar;C:\Users\migui\.m2\repository\org\springframework\boot\spring-boot-autoconfigure\2.1.3.RELEASE\spring-boot-autoconfigure-2.1.3.RELEASE.jar;C:\Users\migui\.m2\repository\com\fasterxml\jackson\core\jackson-annotations\2.9.0\jackson-annotations-2.9.0.jar;C:\Users\migui\.m2\repository\com\fasterxml\jackson\core\jackson-databind\2.9.8\jackson-databind-2.9.8.jar;C:\Users\migui\.m2\repository\com\fasterxml\jackson\core\jackson-core\2.9.8\jackson-core-2.9.8.jar;C:\Users\migui\.m2\repository\org\springframework\boot\spring-boot-starter-web\2.1.3.RELEASE\spring-boot-starter-web-2.1.3.RELEASE.jar;C:\Users\migui\.m2\repository\org\springframework\boot\spring-boot-starter\2.1.3.RELEASE\spring-boot-starter-2.1.3.RELEASE.jar;C:\Users\migui\.m2\repository\org\springframework\boot\spring-boot\2.1.3.RELEASE\spring-boot-2.1.3.RELEASE.jar;C:\Users\migui\.m2\repository\org\springframework\boot\spring-boot-starter-logging\2.1.3.RELEASE\spring-boot-starter-logging-2.1.3.RELEASE.jar;C:\Users\migui\.m2\repository\ch\qos\logback\logback-classic\1.2.3\logback-classic-1.2.3.jar;C:\Users\migui\.m2\repository\ch\qos\logback\logback-core\1.2.3\logback-core-1.2.3.jar;C:\Users\migui\.m2\repository\org\apache\logging\log4j\log4j-to-slf4j\2.11.2\log4j-to-slf4j-2.11.2.jar;C:\Users\migui\.m2\repository\org\apache\logging\log4j\log4j-api\2.11.2\log4j-api-2.11.2.jar;C:\Users\migui\.m2\repository\org\slf4j\jul-to-slf4j\1.7.25\jul-to-slf4j-1.7.25.jar;C:\Users\migui\.m2\repository\javax\annotation\javax.annotation-api\1.3.2\javax.annotation-api-1.3.2.jar;C:\Users\migui\.m2\repository\org\springframework\spring-core\5.1.5.RELEASE\spring-core-5.1.5.RELEASE.jar;C:\Users\migui\.m2\repository\org\springframework\spring-jcl\5.1.5.RELEASE\spring-jcl-5.1.5.RELEASE.jar;C:\Users\migui\.m2\repository\org\yaml\snakeyaml\1.23\snakeyaml-1.23.jar;C:\Users\migui\.m2\repository\org\springframework\boot\spring-boot-starter-json\2.1.3.RELEASE\spring-boot-starter-json-2.1.3.RELEASE.jar;C:\Users\migui\.m2\repository\com\fasterxml\jackson\datatype\jackson-datatype-jdk8\2.9.8\jackson-datatype-jdk8-2.9.8.jar;C:\Users\migui\.m2\repository\com\fasterxml\jackson\datatype\jackson-datatype-jsr310\2.9.8\jackson-datatype-jsr310-2.9.8.jar;C:\Users\migui\.m2\repository\com\fasterxml\jackson\module\jackson-module-parameter-names\2.9.8\jackson-module-parameter-names-2.9.8.jar;C:\Users\migui\.m2\repository\org\springframework\boot\spring-boot-starter-tomcat\2.1.3.RELEASE\spring-boot-starter-tomcat-2.1.3.RELEASE.jar;C:\Users\migui\.m2\repository\org\apache\tomcat\embed\tomcat-embed-core\9.0.16\tomcat-embed-core-9.0.16.jar;C:\Users\migui\.m2\repository\org\apache\tomcat\embed\tomcat-embed-el\9.0.16\tomcat-embed-el-9.0.16.jar;C:\Users\migui\.m2\repository\org\apache\tomcat\embed\tomcat-embed-websocket\9.0.16\tomcat-embed-websocket-9.0.16.jar;C:\Users\migui\.m2\repository\org\hibernate\validator\hibernate-validator\6.0.14.Final\hibernate-validator-6.0.14.Final.jar;C:\Users\migui\.m2\repository\javax\validation\validation-api\2.0.1.Final\validation-api-2.0.1.Final.jar;C:\Users\migui\.m2\repository\org\jboss\logging\jboss-logging\3.3.2.Final\jboss-logging-3.3.2.Final.jar;C:\Users\migui\.m2\repository\com\fasterxml\classmate\1.4.0\classmate-1.4.0.jar;C:\Users\migui\.m2\repository\org\springframework\spring-web\5.1.5.RELEASE\spring-web-5.1.5.RELEASE.jar;C:\Users\migui\.m2\repository\org\springframework\spring-beans\5.1.5.RELEASE\spring-beans-5.1.5.RELEASE.jar;C:\Users\migui\.m2\repository\org\springframework\spring-webmvc\5.1.5.RELEASE\spring-webmvc-5.1.5.RELEASE.jar;C:\Users\migui\.m2\repository\org\springframework\spring-aop\5.1.5.RELEASE\spring-aop-5.1.5.RELEASE.jar;C:\Users\migui\.m2\repository\org\springframework\spring-context\5.1.5.RELEASE\spring-context-5.1.5.RELEASE.jar;C:\Users\migui\.m2\repository\org\springframework\spring-expression\5.1.5.RELEASE\spring-expression-5.1.5.RELEASE.jar;C:\Users\migui\.m2\repository\org\springframework\boot\spring-boot-starter-data-jpa\2.1.3.RELEASE\spring-boot-starter-data-jpa-2.1.3.RELEASE.jar;C:\Users\migui\.m2\repository\org\springframework\boot\spring-boot-starter-aop\2.1.3.RELEASE\spring-boot-starter-aop-2.1.3.RELEASE.jar;C:\Users\migui\.m2\repository\org\springframework\boot\spring-boot-starter-jdbc\2.1.3.RELEASE\spring-boot-starter-jdbc-2.1.3.RELEASE.jar;C:\Users\migui\.m2\repository\com\zaxxer\HikariCP\3.2.0\HikariCP-3.2.0.jar;C:\Users\migui\.m2\repository\org\springframework\spring-jdbc\5.1.5.RELEASE\spring-jdbc-5.1.5.RELEASE.jar;C:\Users\migui\.m2\repository\javax\transaction\javax.transaction-api\1.3\javax.transaction-api-1.3.jar;C:\Users\migui\.m2\repository\javax\xml\bind\jaxb-api\2.3.1\jaxb-api-2.3.1.jar;C:\Users\migui\.m2\repository\javax\activation\javax.activation-api\1.2.0\javax.activation-api-1.2.0.jar;C:\Users\migui\.m2\repository\org\hibernate\hibernate-core\5.3.7.Final\hibernate-core-5.3.7.Final.jar;C:\Users\migui\.m2\repository\javax\persistence\javax.persistence-api\2.2\javax.persistence-api-2.2.jar;C:\Users\migui\.m2\repository\org\javassist\javassist\3.23.1-GA\javassist-3.23.1-GA.jar;C:\Users\migui\.m2\repository\net\bytebuddy\byte-buddy\1.9.10\byte-buddy-1.9.10.jar;C:\Users\migui\.m2\repository\antlr\antlr\2.7.7\antlr-2.7.7.jar;C:\Users\migui\.m2\repository\org\jboss\jandex\2.0.5.Final\jandex-2.0.5.Final.jar;C:\Users\migui\.m2\repository\org\dom4j\dom4j\2.1.1\dom4j-2.1.1.jar;C:\Users\migui\.m2\repository\org\hibernate\common\hibernate-commons-annotations\5.0.4.Final\hibernate-commons-annotations-5.0.4.Final.jar;C:\Users\migui\.m2\repository\org\springframework\data\spring-data-jpa\2.1.5.RELEASE\spring-data-jpa-2.1.5.RELEASE.jar;C:\Users\migui\.m2\repository\org\springframework\data\spring-data-commons\2.1.5.RELEASE\spring-data-commons-2.1.5.RELEASE.jar;C:\Users\migui\.m2\repository\org\springframework\spring-orm\5.1.5.RELEASE\spring-orm-5.1.5.RELEASE.jar;C:\Users\migui\.m2\repository\org\springframework\spring-tx\5.1.5.RELEASE\spring-tx-5.1.5.RELEASE.jar;C:\Users\migui\.m2\repository\org\slf4j\slf4j-api\1.7.25\slf4j-api-1.7.25.jar;C:\Users\migui\.m2\repository\org\springframework\spring-aspects\5.1.5.RELEASE\spring-aspects-5.1.5.RELEASE.jar;C:\Users\migui\.m2\repository\com\h2database\h2\1.4.197\h2-1.4.197.jar;C:\Users\migui\.m2\repository\org\springframework\cloud\spring-cloud-starter-netflix-eureka-client\2.1.0.RELEASE\spring-cloud-starter-netflix-eureka-client-2.1.0.RELEASE.jar;C:\Users\migui\.m2\repository\org\springframework\cloud\spring-cloud-netflix-hystrix\2.1.0.RELEASE\spring-cloud-netflix-hystrix-2.1.0.RELEASE.jar;C:\Users\migui\.m2\repository\org\springframework\cloud\spring-cloud-netflix-eureka-client\2.1.0.RELEASE\spring-cloud-netflix-eureka-client-2.1.0.RELEASE.jar;C:\Users\migui\.m2\repository\com\netflix\eureka\eureka-client\1.9.8\eureka-client-1.9.8.jar;C:\Users\migui\.m2\repository\org\codehaus\jettison\jettison\1.3.7\jettison-1.3.7.jar;C:\Users\migui\.m2\repository\stax\stax-api\1.0.1\stax-api-1.0.1.jar;C:\Users\migui\.m2\repository\com\netflix\netflix-commons\netflix-eventbus\0.3.0\netflix-eventbus-0.3.0.jar;C:\Users\migui\.m2\repository\com\netflix\netflix-commons\netflix-infix\0.3.0\netflix-infix-0.3.0.jar;C:\Users\migui\.m2\repository\commons-jxpath\commons-jxpath\1.3\commons-jxpath-1.3.jar;C:\Users\migui\.m2\repository\joda-time\joda-time\2.10.1\joda-time-2.10.1.jar;C:\Users\migui\.m2\repository\org\antlr\antlr-runtime\3.4\antlr-runtime-3.4.jar;C:\Users\migui\.m2\repository\org\antlr\stringtemplate\3.2.1\stringtemplate-3.2.1.jar;C:\Users\migui\.m2\repository\com\google\code\gson\gson\2.8.5\gson-2.8.5.jar;C:\Users\migui\.m2\repository\org\apache\commons\commons-math\2.2\commons-math-2.2.jar;C:\Users\migui\.m2\repository\com\netflix\archaius\archaius-core\0.7.6\archaius-core-0.7.6.jar;C:\Users\migui\.m2\repository\javax\ws\rs\jsr311-api\1.1.1\jsr311-api-1.1.1.jar;C:\Users\migui\.m2\repository\com\netflix\servo\servo-core\0.12.21\servo-core-0.12.21.jar;C:\Users\migui\.m2\repository\com\sun\jersey\jersey-core\1.19.1\jersey-core-1.19.1.jar;C:\Users\migui\.m2\repository\com\sun\jersey\jersey-client\1.19.1\jersey-client-1.19.1.jar;C:\Users\migui\.m2\repository\com\sun\jersey\contribs\jersey-apache-client4\1.19.1\jersey-apache-client4-1.19.1.jar;C:\Users\migui\.m2\repository\org\apache\httpcomponents\httpclient\4.5.7\httpclient-4.5.7.jar;C:\Users\migui\.m2\repository\org\apache\httpcomponents\httpcore\4.4.11\httpcore-4.4.11.jar;C:\Users\migui\.m2\repository\commons-codec\commons-codec\1.11\commons-codec-1.11.jar;C:\Users\migui\.m2\repository\com\google\inject\guice\4.1.0\guice-4.1.0.jar;C:\Users\migui\.m2\repository\javax\inject\javax.inject\1\javax.inject-1.jar;C:\Users\migui\.m2\repository\aopalliance\aopalliance\1.0\aopalliance-1.0.jar;C:\Users\migui\.m2\repository\com\github\vlsi\compactmap\compactmap\1.2.1\compactmap-1.2.1.jar;C:\Users\migui\.m2\repository\com\github\andrewoma\dexx\dexx-collections\0.2\dexx-collections-0.2.jar;C:\Users\migui\.m2\repository\com\netflix\eureka\eureka-core\1.9.8\eureka-core-1.9.8.jar;C:\Users\migui\.m2\repository\org\codehaus\woodstox\woodstox-core-asl\4.4.1\woodstox-core-asl-4.4.1.jar;C:\Users\migui\.m2\repository\javax\xml\stream\stax-api\1.0-2\stax-api-1.0-2.jar;C:\Users\migui\.m2\repository\org\codehaus\woodstox\stax2-api\3.1.4\stax2-api-3.1.4.jar;C:\Users\migui\.m2\repository\org\springframework\cloud\spring-cloud-starter-netflix-archaius\2.1.0.RELEASE\spring-cloud-starter-netflix-archaius-2.1.0.RELEASE.jar;C:\Users\migui\.m2\repository\org\springframework\cloud\spring-cloud-netflix-archaius\2.1.0.RELEASE\spring-cloud-netflix-archaius-2.1.0.RELEASE.jar;C:\Users\migui\.m2\repository\commons-configuration\commons-configuration\1.8\commons-configuration-1.8.jar;C:\Users\migui\.m2\repository\commons-lang\commons-lang\2.6\commons-lang-2.6.jar;C:\Users\migui\.m2\repository\org\springframework\cloud\spring-cloud-starter-netflix-ribbon\2.1.0.RELEASE\spring-cloud-starter-netflix-ribbon-2.1.0.RELEASE.jar;C:\Users\migui\.m2\repository\com\netflix\ribbon\ribbon\2.3.0\ribbon-2.3.0.jar;C:\Users\migui\.m2\repository\com\netflix\ribbon\ribbon-transport\2.3.0\ribbon-transport-2.3.0.jar;C:\Users\migui\.m2\repository\io\reactivex\rxnetty-contexts\0.4.9\rxnetty-contexts-0.4.9.jar;C:\Users\migui\.m2\repository\io\reactivex\rxnetty-servo\0.4.9\rxnetty-servo-0.4.9.jar;C:\Users\migui\.m2\repository\io\reactivex\rxnetty\0.4.9\rxnetty-0.4.9.jar;C:\Users\migui\.m2\repository\com\netflix\ribbon\ribbon-core\2.3.0\ribbon-core-2.3.0.jar;C:\Users\migui\.m2\repository\com\netflix\ribbon\ribbon-httpclient\2.3.0\ribbon-httpclient-2.3.0.jar;C:\Users\migui\.m2\repository\com\netflix\netflix-commons\netflix-commons-util\0.3.0\netflix-commons-util-0.3.0.jar;C:\Users\migui\.m2\repository\com\netflix\ribbon\ribbon-loadbalancer\2.3.0\ribbon-loadbalancer-2.3.0.jar;C:\Users\migui\.m2\repository\com\netflix\netflix-commons\netflix-statistics\0.1.1\netflix-statistics-0.1.1.jar;C:\Users\migui\.m2\repository\io\reactivex\rxjava\1.3.8\rxjava-1.3.8.jar;C:\Users\migui\.m2\repository\com\netflix\ribbon\ribbon-eureka\2.3.0\ribbon-eureka-2.3.0.jar;C:\Users\migui\.m2\repository\com\thoughtworks\xstream\xstream\1.4.10\xstream-1.4.10.jar;C:\Users\migui\.m2\repository\xmlpull\xmlpull\1.1.3.1\xmlpull-1.1.3.1.jar;C:\Users\migui\.m2\repository\xpp3\xpp3_min\1.1.4c\xpp3_min-1.1.4c.jar;C:\Users\migui\.m2\repository\org\springframework\cloud\spring-cloud-starter-sleuth\2.1.0.RELEASE\spring-cloud-starter-sleuth-2.1.0.RELEASE.jar;C:\Users\migui\.m2\repository\org\springframework\cloud\spring-cloud-sleuth-core\2.1.0.RELEASE\spring-cloud-sleuth-core-2.1.0.RELEASE.jar;C:\Users\migui\.m2\repository\org\aspectj\aspectjrt\1.9.2\aspectjrt-1.9.2.jar;C:\Users\migui\.m2\repository\io\zipkin\brave\brave\5.6.1\brave-5.6.1.jar;C:\Users\migui\.m2\repository\io\zipkin\zipkin2\zipkin\2.12.0\zipkin-2.12.0.jar;C:\Users\migui\.m2\repository\io\zipkin\reporter2\zipkin-reporter\2.7.14\zipkin-reporter-2.7.14.jar;C:\Users\migui\.m2\repository\io\zipkin\brave\brave-context-log4j2\5.6.1\brave-context-log4j2-5.6.1.jar;C:\Users\migui\.m2\repository\io\zipkin\brave\brave-instrumentation-spring-web\5.6.1\brave-instrumentation-spring-web-5.6.1.jar;C:\Users\migui\.m2\repository\io\zipkin\brave\brave-instrumentation-http\5.6.1\brave-instrumentation-http-5.6.1.jar;C:\Users\migui\.m2\repository\io\zipkin\brave\brave-instrumentation-spring-rabbit\5.6.1\brave-instrumentation-spring-rabbit-5.6.1.jar;C:\Users\migui\.m2\repository\io\zipkin\brave\brave-instrumentation-kafka-clients\5.6.1\brave-instrumentation-kafka-clients-5.6.1.jar;C:\Users\migui\.m2\repository\io\zipkin\brave\brave-instrumentation-httpclient\5.6.1\brave-instrumentation-httpclient-5.6.1.jar;C:\Users\migui\.m2\repository\io\zipkin\brave\brave-instrumentation-httpasyncclient\5.6.1\brave-instrumentation-httpasyncclient-5.6.1.jar;C:\Users\migui\.m2\repository\io\zipkin\brave\brave-instrumentation-spring-webmvc\5.6.1\brave-instrumentation-spring-webmvc-5.6.1.jar;C:\Users\migui\.m2\repository\io\zipkin\brave\brave-instrumentation-servlet\5.6.1\brave-instrumentation-servlet-5.6.1.jar;C:\Users\migui\.m2\repository\io\zipkin\brave\brave-instrumentation-jms\5.6.1\brave-instrumentation-jms-5.6.1.jar;C:\Users\migui\.m2\repository\org\springframework\boot\spring-boot-configuration-processor\2.1.3.RELEASE\spring-boot-configuration-processor-2.1.3.RELEASE.jar;C:\Users\migui\.m2\repository\org\springframework\boot\spring-boot-starter-actuator\2.1.3.RELEASE\spring-boot-starter-actuator-2.1.3.RELEASE.jar;C:\Users\migui\.m2\repository\org\springframework\boot\spring-boot-actuator-autoconfigure\2.1.3.RELEASE\spring-boot-actuator-autoconfigure-2.1.3.RELEASE.jar;C:\Users\migui\.m2\repository\org\springframework\boot\spring-boot-actuator\2.1.3.RELEASE\spring-boot-actuator-2.1.3.RELEASE.jar;C:\Users\migui\.m2\repository\io\micrometer\micrometer-core\1.1.3\micrometer-core-1.1.3.jar;C:\Users\migui\.m2\repository\org\hdrhistogram\HdrHistogram\2.1.9\HdrHistogram-2.1.9.jar;C:\Users\migui\.m2\repository\org\latencyutils\LatencyUtils\2.0.3\LatencyUtils-2.0.3.jar;C:\Users\migui\.m2\repository\org\springframework\cloud\spring-cloud-starter-openfeign\2.1.0.RELEASE\spring-cloud-starter-openfeign-2.1.0.RELEASE.jar;C:\Users\migui\.m2\repository\org\springframework\cloud\spring-cloud-openfeign-core\2.1.0.RELEASE\spring-cloud-openfeign-core-2.1.0.RELEASE.jar;C:\Users\migui\.m2\repository\io\github\openfeign\form\feign-form-spring\3.5.0\feign-form-spring-3.5.0.jar;C:\Users\migui\.m2\repository\io\github\openfeign\form\feign-form\3.5.0\feign-form-3.5.0.jar;C:\Users\migui\.m2\repository\commons-fileupload\commons-fileupload\1.3.3\commons-fileupload-1.3.3.jar;C:\Users\migui\.m2\repository\commons-io\commons-io\2.2\commons-io-2.2.jar;C:\Users\migui\.m2\repository\org\springframework\cloud\spring-cloud-commons\2.1.0.RELEASE\spring-cloud-commons-2.1.0.RELEASE.jar;C:\Users\migui\.m2\repository\org\springframework\security\spring-security-crypto\5.1.4.RELEASE\spring-security-crypto-5.1.4.RELEASE.jar;C:\Users\migui\.m2\repository\io\github\openfeign\feign-core\10.1.0\feign-core-10.1.0.jar;C:\Users\migui\.m2\repository\io\github\openfeign\feign-slf4j\10.1.0\feign-slf4j-10.1.0.jar;C:\Users\migui\.m2\repository\io\github\openfeign\feign-hystrix\10.1.0\feign-hystrix-10.1.0.jar;C:\Users\migui\.m2\repository\org\springframework\cloud\spring-cloud-starter-netflix-hystrix\2.1.0.RELEASE\spring-cloud-starter-netflix-hystrix-2.1.0.RELEASE.jar;C:\Users\migui\.m2\repository\org\springframework\cloud\spring-cloud-netflix-ribbon\2.1.0.RELEASE\spring-cloud-netflix-ribbon-2.1.0.RELEASE.jar;C:\Users\migui\.m2\repository\com\netflix\hystrix\hystrix-core\1.5.18\hystrix-core-1.5.18.jar;C:\Users\migui\.m2\repository\com\netflix\hystrix\hystrix-serialization\1.5.18\hystrix-serialization-1.5.18.jar;C:\Users\migui\.m2\repository\com\fasterxml\jackson\module\jackson-module-afterburner\2.9.8\jackson-module-afterburner-2.9.8.jar;C:\Users\migui\.m2\repository\com\netflix\hystrix\hystrix-metrics-event-stream\1.5.18\hystrix-metrics-event-stream-1.5.18.jar;C:\Users\migui\.m2\repository\io\reactivex\rxjava-reactive-streams\1.2.1\rxjava-reactive-streams-1.2.1.jar;C:\Users\migui\.m2\repository\org\reactivestreams\reactive-streams\1.0.2\reactive-streams-1.0.2.jar;C:\Users\migui\.m2\repository\com\netflix\hystrix\hystrix-javanica\1.4.0-RC1\hystrix-javanica-1.4.0-RC1.jar;C:\Users\migui\.m2\repository\commons-collections\commons-collections\3.2.1\commons-collections-3.2.1.jar;C:\Users\migui\.m2\repository\org\aspectj\aspectjweaver\1.9.2\aspectjweaver-1.9.2.jar;C:\Users\migui\.m2\repository\com\google\guava\guava\15.0\guava-15.0.jar;C:\Users\migui\.m2\repository\org\apache\commons\commons-lang3\3.8.1\commons-lang3-3.8.1.jar;C:\Users\migui\.m2\repository\org\springframework\cloud\spring-cloud-starter-bus-amqp\2.1.0.RELEASE\spring-cloud-starter-bus-amqp-2.1.0.RELEASE.jar;C:\Users\migui\.m2\repository\org\springframework\cloud\spring-cloud-starter-stream-rabbit\2.1.0.RELEASE\spring-cloud-starter-stream-rabbit-2.1.0.RELEASE.jar;C:\Users\migui\.m2\repository\org\springframework\cloud\spring-cloud-stream-binder-rabbit\2.1.0.RELEASE\spring-cloud-stream-binder-rabbit-2.1.0.RELEASE.jar;C:\Users\migui\.m2\repository\org\springframework\cloud\spring-cloud-stream-binder-rabbit-core\2.1.0.RELEASE\spring-cloud-stream-binder-rabbit-core-2.1.0.RELEASE.jar;C:\Users\migui\.m2\repository\com\rabbitmq\http-client\2.1.0.RELEASE\http-client-2.1.0.RELEASE.jar;C:\Users\migui\.m2\repository\org\springframework\boot\spring-boot-starter-amqp\2.1.3.RELEASE\spring-boot-starter-amqp-2.1.3.RELEASE.jar;C:\Users\migui\.m2\repository\org\springframework\amqp\spring-rabbit\2.1.4.RELEASE\spring-rabbit-2.1.4.RELEASE.jar;C:\Users\migui\.m2\repository\org\springframework\amqp\spring-amqp\2.1.4.RELEASE\spring-amqp-2.1.4.RELEASE.jar;C:\Users\migui\.m2\repository\com\rabbitmq\amqp-client\5.4.3\amqp-client-5.4.3.jar;C:\Users\migui\.m2\repository\org\springframework\integration\spring-integration-amqp\5.1.3.RELEASE\spring-integration-amqp-5.1.3.RELEASE.jar;C:\Users\migui\.m2\repository\org\springframework\integration\spring-integration-jmx\5.1.3.RELEASE\spring-integration-jmx-5.1.3.RELEASE.jar;C:\Users\migui\.m2\repository\org\springframework\cloud\spring-cloud-bus\2.1.0.RELEASE\spring-cloud-bus-2.1.0.RELEASE.jar;C:\Users\migui\.m2\repository\org\springframework\cloud\spring-cloud-stream\2.1.0.RELEASE\spring-cloud-stream-2.1.0.RELEASE.jar;C:\Users\migui\.m2\repository\org\springframework\boot\spring-boot-starter-validation\2.1.3.RELEASE\spring-boot-starter-validation-2.1.3.RELEASE.jar;C:\Users\migui\.m2\repository\org\springframework\spring-messaging\5.1.5.RELEASE\spring-messaging-5.1.5.RELEASE.jar;C:\Users\migui\.m2\repository\org\springframework\spring-tuple\1.0.0.RELEASE\spring-tuple-1.0.0.RELEASE.jar;C:\Users\migui\.m2\repository\com\esotericsoftware\kryo-shaded\3.0.3\kryo-shaded-3.0.3.jar;C:\Users\migui\.m2\repository\com\esotericsoftware\minlog\1.3.0\minlog-1.3.0.jar;C:\Users\migui\.m2\repository\org\objenesis\objenesis\2.1\objenesis-2.1.jar;C:\Users\migui\.m2\repository\org\springframework\integration\spring-integration-tuple\1.0.0.RELEASE\spring-integration-tuple-1.0.0.RELEASE.jar;C:\Users\migui\.m2\repository\org\springframework\retry\spring-retry\1.2.4.RELEASE\spring-retry-1.2.4.RELEASE.jar;C:\Users\migui\.m2\repository\org\springframework\cloud\spring-cloud-function-context\2.0.0.RELEASE\spring-cloud-function-context-2.0.0.RELEASE.jar;C:\Users\migui\.m2\repository\org\springframework\cloud\spring-cloud-function-core\2.0.0.RELEASE\spring-cloud-function-core-2.0.0.RELEASE.jar;C:\Users\migui\.m2\repository\org\springframework\integration\spring-integration-core\5.1.3.RELEASE\spring-integration-core-5.1.3.RELEASE.jar;C:\Users\migui\.m2\repository\io\projectreactor\reactor-core\3.2.6.RELEASE\reactor-core-3.2.6.RELEASE.jar;C:\Users\migui\.m2\repository\org\springframework\cloud\spring-cloud-starter-hystrix\1.4.6.RELEASE\spring-cloud-starter-hystrix-1.4.6.RELEASE.jar;C:\Users\migui\.m2\repository\org\jetbrains\kotlin\kotlin-stdlib-jdk8\1.3.61\kotlin-stdlib-jdk8-1.3.61.jar;C:\Users\migui\.m2\repository\org\jetbrains\kotlin\kotlin-stdlib\1.3.61\kotlin-stdlib-1.3.61.jar;C:\Users\migui\.m2\repository\org\jetbrains\kotlin\kotlin-stdlib-common\1.3.61\kotlin-stdlib-common-1.3.61.jar;C:\Users\migui\.m2\repository\org\jetbrains\annotations\13.0\annotations-13.0.jar;C:\Users\migui\.m2\repository\org\jetbrains\kotlin\kotlin-stdlib-jdk7\1.3.61\kotlin-stdlib-jdk7-1.3.61.jar;C:\Users\migui\.m2\repository\org\jetbrains\kotlin\kotlin-reflect\1.3.60\kotlin-reflect-1.3.60.jar;C:\Users\migui\.m2\repository\org\jetbrains\kotlin\kotlin-test\1.3.61\kotlin-test-1.3.61.jar;C:\Users\migui\.m2\repository\org\jetbrains\kotlin\kotlin-test-common\1.3.61\kotlin-test-common-1.3.61.jar;"/>
    <property name="java.vm.vendor" value="Oracle Corporation"/>
    <property name="sun.arch.data.model" value="64"/>
    <property name="user.variant" value=""/>
    <property name="java.vendor.url" value="https://java.oracle.com/"/>
    <property name="user.timezone" value="Europe/Madrid"/>
    <property name="os.name" value="Windows 10"/>
    <property name="java.vm.specification.version" value="13"/>
    <property name="sun.java.launcher" value="SUN_STANDARD"/>
    <property name="user.country" value="ES"/>
    <property name="sun.boot.library.path" value="C:\Program Files\Java\jdk-13\bin"/>
    <property name="sun.java.command" value="C:\Users\migui\AppData\Local\Temp\surefire16191909506878648717\surefirebooter3647301863944299835.jar C:\Users\migui\AppData\Local\Temp\surefire16191909506878648717 2020-01-04T12-07-48_910-jvmRun1 surefire8522573409431571311tmp surefire_09764776068337834tmp"/>
    <property name="jdk.debug" value="release"/>
    <property name="surefire.test.class.path" value="C:\Users\migui\Coding\spring-cloud-sample\microservices\currency-exchange-service\target\test-classes;C:\Users\migui\Coding\spring-cloud-sample\microservices\currency-exchange-service\target\classes;C:\Users\migui\.m2\repository\junit\junit\4.11\junit-4.11.jar;C:\Users\migui\.m2\repository\org\hamcrest\hamcrest-core\1.3\hamcrest-core-1.3.jar;C:\Users\migui\.m2\repository\org\springframework\cloud\spring-cloud-starter-config\2.1.0.RELEASE\spring-cloud-starter-config-2.1.0.RELEASE.jar;C:\Users\migui\.m2\repository\org\springframework\cloud\spring-cloud-starter\2.1.0.RELEASE\spring-cloud-starter-2.1.0.RELEASE.jar;C:\Users\migui\.m2\repository\org\springframework\cloud\spring-cloud-context\2.1.0.RELEASE\spring-cloud-context-2.1.0.RELEASE.jar;C:\Users\migui\.m2\repository\org\springframework\security\spring-security-rsa\1.0.7.RELEASE\spring-security-rsa-1.0.7.RELEASE.jar;C:\Users\migui\.m2\repository\org\bouncycastle\bcpkix-jdk15on\1.60\bcpkix-jdk15on-1.60.jar;C:\Users\migui\.m2\repository\org\bouncycastle\bcprov-jdk15on\1.60\bcprov-jdk15on-1.60.jar;C:\Users\migui\.m2\repository\org\springframework\cloud\spring-cloud-config-client\2.1.0.RELEASE\spring-cloud-config-client-2.1.0.RELEASE.jar;C:\Users\migui\.m2\repository\org\springframework\boot\spring-boot-autoconfigure\2.1.3.RELEASE\spring-boot-autoconfigure-2.1.3.RELEASE.jar;C:\Users\migui\.m2\repository\com\fasterxml\jackson\core\jackson-annotations\2.9.0\jackson-annotations-2.9.0.jar;C:\Users\migui\.m2\repository\com\fasterxml\jackson\core\jackson-databind\2.9.8\jackson-databind-2.9.8.jar;C:\Users\migui\.m2\repository\com\fasterxml\jackson\core\jackson-core\2.9.8\jackson-core-2.9.8.jar;C:\Users\migui\.m2\repository\org\springframework\boot\spring-boot-starter-web\2.1.3.RELEASE\spring-boot-starter-web-2.1.3.RELEASE.jar;C:\Users\migui\.m2\repository\org\springframework\boot\spring-boot-starter\2.1.3.RELEASE\spring-boot-starter-2.1.3.RELEASE.jar;C:\Users\migui\.m2\repository\org\springframework\boot\spring-boot\2.1.3.RELEASE\spring-boot-2.1.3.RELEASE.jar;C:\Users\migui\.m2\repository\org\springframework\boot\spring-boot-starter-logging\2.1.3.RELEASE\spring-boot-starter-logging-2.1.3.RELEASE.jar;C:\Users\migui\.m2\repository\ch\qos\logback\logback-classic\1.2.3\logback-classic-1.2.3.jar;C:\Users\migui\.m2\repository\ch\qos\logback\logback-core\1.2.3\logback-core-1.2.3.jar;C:\Users\migui\.m2\repository\org\apache\logging\log4j\log4j-to-slf4j\2.11.2\log4j-to-slf4j-2.11.2.jar;C:\Users\migui\.m2\repository\org\apache\logging\log4j\log4j-api\2.11.2\log4j-api-2.11.2.jar;C:\Users\migui\.m2\repository\org\slf4j\jul-to-slf4j\1.7.25\jul-to-slf4j-1.7.25.jar;C:\Users\migui\.m2\repository\javax\annotation\javax.annotation-api\1.3.2\javax.annotation-api-1.3.2.jar;C:\Users\migui\.m2\repository\org\springframework\spring-core\5.1.5.RELEASE\spring-core-5.1.5.RELEASE.jar;C:\Users\migui\.m2\repository\org\springframework\spring-jcl\5.1.5.RELEASE\spring-jcl-5.1.5.RELEASE.jar;C:\Users\migui\.m2\repository\org\yaml\snakeyaml\1.23\snakeyaml-1.23.jar;C:\Users\migui\.m2\repository\org\springframework\boot\spring-boot-starter-json\2.1.3.RELEASE\spring-boot-starter-json-2.1.3.RELEASE.jar;C:\Users\migui\.m2\repository\com\fasterxml\jackson\datatype\jackson-datatype-jdk8\2.9.8\jackson-datatype-jdk8-2.9.8.jar;C:\Users\migui\.m2\repository\com\fasterxml\jackson\datatype\jackson-datatype-jsr310\2.9.8\jackson-datatype-jsr310-2.9.8.jar;C:\Users\migui\.m2\repository\com\fasterxml\jackson\module\jackson-module-parameter-names\2.9.8\jackson-module-parameter-names-2.9.8.jar;C:\Users\migui\.m2\repository\org\springframework\boot\spring-boot-starter-tomcat\2.1.3.RELEASE\spring-boot-starter-tomcat-2.1.3.RELEASE.jar;C:\Users\migui\.m2\repository\org\apache\tomcat\embed\tomcat-embed-core\9.0.16\tomcat-embed-core-9.0.16.jar;C:\Users\migui\.m2\repository\org\apache\tomcat\embed\tomcat-embed-el\9.0.16\tomcat-embed-el-9.0.16.jar;C:\Users\migui\.m2\repository\org\apache\tomcat\embed\tomcat-embed-websocket\9.0.16\tomcat-embed-websocket-9.0.16.jar;C:\Users\migui\.m2\repository\org\hibernate\validator\hibernate-validator\6.0.14.Final\hibernate-validator-6.0.14.Final.jar;C:\Users\migui\.m2\repository\javax\validation\validation-api\2.0.1.Final\validation-api-2.0.1.Final.jar;C:\Users\migui\.m2\repository\org\jboss\logging\jboss-logging\3.3.2.Final\jboss-logging-3.3.2.Final.jar;C:\Users\migui\.m2\repository\com\fasterxml\classmate\1.4.0\classmate-1.4.0.jar;C:\Users\migui\.m2\repository\org\springframework\spring-web\5.1.5.RELEASE\spring-web-5.1.5.RELEASE.jar;C:\Users\migui\.m2\repository\org\springframework\spring-beans\5.1.5.RELEASE\spring-beans-5.1.5.RELEASE.jar;C:\Users\migui\.m2\repository\org\springframework\spring-webmvc\5.1.5.RELEASE\spring-webmvc-5.1.5.RELEASE.jar;C:\Users\migui\.m2\repository\org\springframework\spring-aop\5.1.5.RELEASE\spring-aop-5.1.5.RELEASE.jar;C:\Users\migui\.m2\repository\org\springframework\spring-context\5.1.5.RELEASE\spring-context-5.1.5.RELEASE.jar;C:\Users\migui\.m2\repository\org\springframework\spring-expression\5.1.5.RELEASE\spring-expression-5.1.5.RELEASE.jar;C:\Users\migui\.m2\repository\org\springframework\boot\spring-boot-starter-data-jpa\2.1.3.RELEASE\spring-boot-starter-data-jpa-2.1.3.RELEASE.jar;C:\Users\migui\.m2\repository\org\springframework\boot\spring-boot-starter-aop\2.1.3.RELEASE\spring-boot-starter-aop-2.1.3.RELEASE.jar;C:\Users\migui\.m2\repository\org\springframework\boot\spring-boot-starter-jdbc\2.1.3.RELEASE\spring-boot-starter-jdbc-2.1.3.RELEASE.jar;C:\Users\migui\.m2\repository\com\zaxxer\HikariCP\3.2.0\HikariCP-3.2.0.jar;C:\Users\migui\.m2\repository\org\springframework\spring-jdbc\5.1.5.RELEASE\spring-jdbc-5.1.5.RELEASE.jar;C:\Users\migui\.m2\repository\javax\transaction\javax.transaction-api\1.3\javax.transaction-api-1.3.jar;C:\Users\migui\.m2\repository\javax\xml\bind\jaxb-api\2.3.1\jaxb-api-2.3.1.jar;C:\Users\migui\.m2\repository\javax\activation\javax.activation-api\1.2.0\javax.activation-api-1.2.0.jar;C:\Users\migui\.m2\repository\org\hibernate\hibernate-core\5.3.7.Final\hibernate-core-5.3.7.Final.jar;C:\Users\migui\.m2\repository\javax\persistence\javax.persistence-api\2.2\javax.persistence-api-2.2.jar;C:\Users\migui\.m2\repository\org\javassist\javassist\3.23.1-GA\javassist-3.23.1-GA.jar;C:\Users\migui\.m2\repository\net\bytebuddy\byte-buddy\1.9.10\byte-buddy-1.9.10.jar;C:\Users\migui\.m2\repository\antlr\antlr\2.7.7\antlr-2.7.7.jar;C:\Users\migui\.m2\repository\org\jboss\jandex\2.0.5.Final\jandex-2.0.5.Final.jar;C:\Users\migui\.m2\repository\org\dom4j\dom4j\2.1.1\dom4j-2.1.1.jar;C:\Users\migui\.m2\repository\org\hibernate\common\hibernate-commons-annotations\5.0.4.Final\hibernate-commons-annotations-5.0.4.Final.jar;C:\Users\migui\.m2\repository\org\springframework\data\spring-data-jpa\2.1.5.RELEASE\spring-data-jpa-2.1.5.RELEASE.jar;C:\Users\migui\.m2\repository\org\springframework\data\spring-data-commons\2.1.5.RELEASE\spring-data-commons-2.1.5.RELEASE.jar;C:\Users\migui\.m2\repository\org\springframework\spring-orm\5.1.5.RELEASE\spring-orm-5.1.5.RELEASE.jar;C:\Users\migui\.m2\repository\org\springframework\spring-tx\5.1.5.RELEASE\spring-tx-5.1.5.RELEASE.jar;C:\Users\migui\.m2\repository\org\slf4j\slf4j-api\1.7.25\slf4j-api-1.7.25.jar;C:\Users\migui\.m2\repository\org\springframework\spring-aspects\5.1.5.RELEASE\spring-aspects-5.1.5.RELEASE.jar;C:\Users\migui\.m2\repository\com\h2database\h2\1.4.197\h2-1.4.197.jar;C:\Users\migui\.m2\repository\org\springframework\cloud\spring-cloud-starter-netflix-eureka-client\2.1.0.RELEASE\spring-cloud-starter-netflix-eureka-client-2.1.0.RELEASE.jar;C:\Users\migui\.m2\repository\org\springframework\cloud\spring-cloud-netflix-hystrix\2.1.0.RELEASE\spring-cloud-netflix-hystrix-2.1.0.RELEASE.jar;C:\Users\migui\.m2\repository\org\springframework\cloud\spring-cloud-netflix-eureka-client\2.1.0.RELEASE\spring-cloud-netflix-eureka-client-2.1.0.RELEASE.jar;C:\Users\migui\.m2\repository\com\netflix\eureka\eureka-client\1.9.8\eureka-client-1.9.8.jar;C:\Users\migui\.m2\repository\org\codehaus\jettison\jettison\1.3.7\jettison-1.3.7.jar;C:\Users\migui\.m2\repository\stax\stax-api\1.0.1\stax-api-1.0.1.jar;C:\Users\migui\.m2\repository\com\netflix\netflix-commons\netflix-eventbus\0.3.0\netflix-eventbus-0.3.0.jar;C:\Users\migui\.m2\repository\com\netflix\netflix-commons\netflix-infix\0.3.0\netflix-infix-0.3.0.jar;C:\Users\migui\.m2\repository\commons-jxpath\commons-jxpath\1.3\commons-jxpath-1.3.jar;C:\Users\migui\.m2\repository\joda-time\joda-time\2.10.1\joda-time-2.10.1.jar;C:\Users\migui\.m2\repository\org\antlr\antlr-runtime\3.4\antlr-runtime-3.4.jar;C:\Users\migui\.m2\repository\org\antlr\stringtemplate\3.2.1\stringtemplate-3.2.1.jar;C:\Users\migui\.m2\repository\com\google\code\gson\gson\2.8.5\gson-2.8.5.jar;C:\Users\migui\.m2\repository\org\apache\commons\commons-math\2.2\commons-math-2.2.jar;C:\Users\migui\.m2\repository\com\netflix\archaius\archaius-core\0.7.6\archaius-core-0.7.6.jar;C:\Users\migui\.m2\repository\javax\ws\rs\jsr311-api\1.1.1\jsr311-api-1.1.1.jar;C:\Users\migui\.m2\repository\com\netflix\servo\servo-core\0.12.21\servo-core-0.12.21.jar;C:\Users\migui\.m2\repository\com\sun\jersey\jersey-core\1.19.1\jersey-core-1.19.1.jar;C:\Users\migui\.m2\repository\com\sun\jersey\jersey-client\1.19.1\jersey-client-1.19.1.jar;C:\Users\migui\.m2\repository\com\sun\jersey\contribs\jersey-apache-client4\1.19.1\jersey-apache-client4-1.19.1.jar;C:\Users\migui\.m2\repository\org\apache\httpcomponents\httpclient\4.5.7\httpclient-4.5.7.jar;C:\Users\migui\.m2\repository\org\apache\httpcomponents\httpcore\4.4.11\httpcore-4.4.11.jar;C:\Users\migui\.m2\repository\commons-codec\commons-codec\1.11\commons-codec-1.11.jar;C:\Users\migui\.m2\repository\com\google\inject\guice\4.1.0\guice-4.1.0.jar;C:\Users\migui\.m2\repository\javax\inject\javax.inject\1\javax.inject-1.jar;C:\Users\migui\.m2\repository\aopalliance\aopalliance\1.0\aopalliance-1.0.jar;C:\Users\migui\.m2\repository\com\github\vlsi\compactmap\compactmap\1.2.1\compactmap-1.2.1.jar;C:\Users\migui\.m2\repository\com\github\andrewoma\dexx\dexx-collections\0.2\dexx-collections-0.2.jar;C:\Users\migui\.m2\repository\com\netflix\eureka\eureka-core\1.9.8\eureka-core-1.9.8.jar;C:\Users\migui\.m2\repository\org\codehaus\woodstox\woodstox-core-asl\4.4.1\woodstox-core-asl-4.4.1.jar;C:\Users\migui\.m2\repository\javax\xml\stream\stax-api\1.0-2\stax-api-1.0-2.jar;C:\Users\migui\.m2\repository\org\codehaus\woodstox\stax2-api\3.1.4\stax2-api-3.1.4.jar;C:\Users\migui\.m2\repository\org\springframework\cloud\spring-cloud-starter-netflix-archaius\2.1.0.RELEASE\spring-cloud-starter-netflix-archaius-2.1.0.RELEASE.jar;C:\Users\migui\.m2\repository\org\springframework\cloud\spring-cloud-netflix-archaius\2.1.0.RELEASE\spring-cloud-netflix-archaius-2.1.0.RELEASE.jar;C:\Users\migui\.m2\repository\commons-configuration\commons-configuration\1.8\commons-configuration-1.8.jar;C:\Users\migui\.m2\repository\commons-lang\commons-lang\2.6\commons-lang-2.6.jar;C:\Users\migui\.m2\repository\org\springframework\cloud\spring-cloud-starter-netflix-ribbon\2.1.0.RELEASE\spring-cloud-starter-netflix-ribbon-2.1.0.RELEASE.jar;C:\Users\migui\.m2\repository\com\netflix\ribbon\ribbon\2.3.0\ribbon-2.3.0.jar;C:\Users\migui\.m2\repository\com\netflix\ribbon\ribbon-transport\2.3.0\ribbon-transport-2.3.0.jar;C:\Users\migui\.m2\repository\io\reactivex\rxnetty-contexts\0.4.9\rxnetty-contexts-0.4.9.jar;C:\Users\migui\.m2\repository\io\reactivex\rxnetty-servo\0.4.9\rxnetty-servo-0.4.9.jar;C:\Users\migui\.m2\repository\io\reactivex\rxnetty\0.4.9\rxnetty-0.4.9.jar;C:\Users\migui\.m2\repository\com\netflix\ribbon\ribbon-core\2.3.0\ribbon-core-2.3.0.jar;C:\Users\migui\.m2\repository\com\netflix\ribbon\ribbon-httpclient\2.3.0\ribbon-httpclient-2.3.0.jar;C:\Users\migui\.m2\repository\com\netflix\netflix-commons\netflix-commons-util\0.3.0\netflix-commons-util-0.3.0.jar;C:\Users\migui\.m2\repository\com\netflix\ribbon\ribbon-loadbalancer\2.3.0\ribbon-loadbalancer-2.3.0.jar;C:\Users\migui\.m2\repository\com\netflix\netflix-commons\netflix-statistics\0.1.1\netflix-statistics-0.1.1.jar;C:\Users\migui\.m2\repository\io\reactivex\rxjava\1.3.8\rxjava-1.3.8.jar;C:\Users\migui\.m2\repository\com\netflix\ribbon\ribbon-eureka\2.3.0\ribbon-eureka-2.3.0.jar;C:\Users\migui\.m2\repository\com\thoughtworks\xstream\xstream\1.4.10\xstream-1.4.10.jar;C:\Users\migui\.m2\repository\xmlpull\xmlpull\1.1.3.1\xmlpull-1.1.3.1.jar;C:\Users\migui\.m2\repository\xpp3\xpp3_min\1.1.4c\xpp3_min-1.1.4c.jar;C:\Users\migui\.m2\repository\org\springframework\cloud\spring-cloud-starter-sleuth\2.1.0.RELEASE\spring-cloud-starter-sleuth-2.1.0.RELEASE.jar;C:\Users\migui\.m2\repository\org\springframework\cloud\spring-cloud-sleuth-core\2.1.0.RELEASE\spring-cloud-sleuth-core-2.1.0.RELEASE.jar;C:\Users\migui\.m2\repository\org\aspectj\aspectjrt\1.9.2\aspectjrt-1.9.2.jar;C:\Users\migui\.m2\repository\io\zipkin\brave\brave\5.6.1\brave-5.6.1.jar;C:\Users\migui\.m2\repository\io\zipkin\zipkin2\zipkin\2.12.0\zipkin-2.12.0.jar;C:\Users\migui\.m2\repository\io\zipkin\reporter2\zipkin-reporter\2.7.14\zipkin-reporter-2.7.14.jar;C:\Users\migui\.m2\repository\io\zipkin\brave\brave-context-log4j2\5.6.1\brave-context-log4j2-5.6.1.jar;C:\Users\migui\.m2\repository\io\zipkin\brave\brave-instrumentation-spring-web\5.6.1\brave-instrumentation-spring-web-5.6.1.jar;C:\Users\migui\.m2\repository\io\zipkin\brave\brave-instrumentation-http\5.6.1\brave-instrumentation-http-5.6.1.jar;C:\Users\migui\.m2\repository\io\zipkin\brave\brave-instrumentation-spring-rabbit\5.6.1\brave-instrumentation-spring-rabbit-5.6.1.jar;C:\Users\migui\.m2\repository\io\zipkin\brave\brave-instrumentation-kafka-clients\5.6.1\brave-instrumentation-kafka-clients-5.6.1.jar;C:\Users\migui\.m2\repository\io\zipkin\brave\brave-instrumentation-httpclient\5.6.1\brave-instrumentation-httpclient-5.6.1.jar;C:\Users\migui\.m2\repository\io\zipkin\brave\brave-instrumentation-httpasyncclient\5.6.1\brave-instrumentation-httpasyncclient-5.6.1.jar;C:\Users\migui\.m2\repository\io\zipkin\brave\brave-instrumentation-spring-webmvc\5.6.1\brave-instrumentation-spring-webmvc-5.6.1.jar;C:\Users\migui\.m2\repository\io\zipkin\brave\brave-instrumentation-servlet\5.6.1\brave-instrumentation-servlet-5.6.1.jar;C:\Users\migui\.m2\repository\io\zipkin\brave\brave-instrumentation-jms\5.6.1\brave-instrumentation-jms-5.6.1.jar;C:\Users\migui\.m2\repository\org\springframework\boot\spring-boot-configuration-processor\2.1.3.RELEASE\spring-boot-configuration-processor-2.1.3.RELEASE.jar;C:\Users\migui\.m2\repository\org\springframework\boot\spring-boot-starter-actuator\2.1.3.RELEASE\spring-boot-starter-actuator-2.1.3.RELEASE.jar;C:\Users\migui\.m2\repository\org\springframework\boot\spring-boot-actuator-autoconfigure\2.1.3.RELEASE\spring-boot-actuator-autoconfigure-2.1.3.RELEASE.jar;C:\Users\migui\.m2\repository\org\springframework\boot\spring-boot-actuator\2.1.3.RELEASE\spring-boot-actuator-2.1.3.RELEASE.jar;C:\Users\migui\.m2\repository\io\micrometer\micrometer-core\1.1.3\micrometer-core-1.1.3.jar;C:\Users\migui\.m2\repository\org\hdrhistogram\HdrHistogram\2.1.9\HdrHistogram-2.1.9.jar;C:\Users\migui\.m2\repository\org\latencyutils\LatencyUtils\2.0.3\LatencyUtils-2.0.3.jar;C:\Users\migui\.m2\repository\org\springframework\cloud\spring-cloud-starter-openfeign\2.1.0.RELEASE\spring-cloud-starter-openfeign-2.1.0.RELEASE.jar;C:\Users\migui\.m2\repository\org\springframework\cloud\spring-cloud-openfeign-core\2.1.0.RELEASE\spring-cloud-openfeign-core-2.1.0.RELEASE.jar;C:\Users\migui\.m2\repository\io\github\openfeign\form\feign-form-spring\3.5.0\feign-form-spring-3.5.0.jar;C:\Users\migui\.m2\repository\io\github\openfeign\form\feign-form\3.5.0\feign-form-3.5.0.jar;C:\Users\migui\.m2\repository\commons-fileupload\commons-fileupload\1.3.3\commons-fileupload-1.3.3.jar;C:\Users\migui\.m2\repository\commons-io\commons-io\2.2\commons-io-2.2.jar;C:\Users\migui\.m2\repository\org\springframework\cloud\spring-cloud-commons\2.1.0.RELEASE\spring-cloud-commons-2.1.0.RELEASE.jar;C:\Users\migui\.m2\repository\org\springframework\security\spring-security-crypto\5.1.4.RELEASE\spring-security-crypto-5.1.4.RELEASE.jar;C:\Users\migui\.m2\repository\io\github\openfeign\feign-core\10.1.0\feign-core-10.1.0.jar;C:\Users\migui\.m2\repository\io\github\openfeign\feign-slf4j\10.1.0\feign-slf4j-10.1.0.jar;C:\Users\migui\.m2\repository\io\github\openfeign\feign-hystrix\10.1.0\feign-hystrix-10.1.0.jar;C:\Users\migui\.m2\repository\org\springframework\cloud\spring-cloud-starter-netflix-hystrix\2.1.0.RELEASE\spring-cloud-starter-netflix-hystrix-2.1.0.RELEASE.jar;C:\Users\migui\.m2\repository\org\springframework\cloud\spring-cloud-netflix-ribbon\2.1.0.RELEASE\spring-cloud-netflix-ribbon-2.1.0.RELEASE.jar;C:\Users\migui\.m2\repository\com\netflix\hystrix\hystrix-core\1.5.18\hystrix-core-1.5.18.jar;C:\Users\migui\.m2\repository\com\netflix\hystrix\hystrix-serialization\1.5.18\hystrix-serialization-1.5.18.jar;C:\Users\migui\.m2\repository\com\fasterxml\jackson\module\jackson-module-afterburner\2.9.8\jackson-module-afterburner-2.9.8.jar;C:\Users\migui\.m2\repository\com\netflix\hystrix\hystrix-metrics-event-stream\1.5.18\hystrix-metrics-event-stream-1.5.18.jar;C:\Users\migui\.m2\repository\io\reactivex\rxjava-reactive-streams\1.2.1\rxjava-reactive-streams-1.2.1.jar;C:\Users\migui\.m2\repository\org\reactivestreams\reactive-streams\1.0.2\reactive-streams-1.0.2.jar;C:\Users\migui\.m2\repository\com\netflix\hystrix\hystrix-javanica\1.4.0-RC1\hystrix-javanica-1.4.0-RC1.jar;C:\Users\migui\.m2\repository\commons-collections\commons-collections\3.2.1\commons-collections-3.2.1.jar;C:\Users\migui\.m2\repository\org\aspectj\aspectjweaver\1.9.2\aspectjweaver-1.9.2.jar;C:\Users\migui\.m2\repository\com\google\guava\guava\15.0\guava-15.0.jar;C:\Users\migui\.m2\repository\org\apache\commons\commons-lang3\3.8.1\commons-lang3-3.8.1.jar;C:\Users\migui\.m2\repository\org\springframework\cloud\spring-cloud-starter-bus-amqp\2.1.0.RELEASE\spring-cloud-starter-bus-amqp-2.1.0.RELEASE.jar;C:\Users\migui\.m2\repository\org\springframework\cloud\spring-cloud-starter-stream-rabbit\2.1.0.RELEASE\spring-cloud-starter-stream-rabbit-2.1.0.RELEASE.jar;C:\Users\migui\.m2\repository\org\springframework\cloud\spring-cloud-stream-binder-rabbit\2.1.0.RELEASE\spring-cloud-stream-binder-rabbit-2.1.0.RELEASE.jar;C:\Users\migui\.m2\repository\org\springframework\cloud\spring-cloud-stream-binder-rabbit-core\2.1.0.RELEASE\spring-cloud-stream-binder-rabbit-core-2.1.0.RELEASE.jar;C:\Users\migui\.m2\repository\com\rabbitmq\http-client\2.1.0.RELEASE\http-client-2.1.0.RELEASE.jar;C:\Users\migui\.m2\repository\org\springframework\boot\spring-boot-starter-amqp\2.1.3.RELEASE\spring-boot-starter-amqp-2.1.3.RELEASE.jar;C:\Users\migui\.m2\repository\org\springframework\amqp\spring-rabbit\2.1.4.RELEASE\spring-rabbit-2.1.4.RELEASE.jar;C:\Users\migui\.m2\repository\org\springframework\amqp\spring-amqp\2.1.4.RELEASE\spring-amqp-2.1.4.RELEASE.jar;C:\Users\migui\.m2\repository\com\rabbitmq\amqp-client\5.4.3\amqp-client-5.4.3.jar;C:\Users\migui\.m2\repository\org\springframework\integration\spring-integration-amqp\5.1.3.RELEASE\spring-integration-amqp-5.1.3.RELEASE.jar;C:\Users\migui\.m2\repository\org\springframework\integration\spring-integration-jmx\5.1.3.RELEASE\spring-integration-jmx-5.1.3.RELEASE.jar;C:\Users\migui\.m2\repository\org\springframework\cloud\spring-cloud-bus\2.1.0.RELEASE\spring-cloud-bus-2.1.0.RELEASE.jar;C:\Users\migui\.m2\repository\org\springframework\cloud\spring-cloud-stream\2.1.0.RELEASE\spring-cloud-stream-2.1.0.RELEASE.jar;C:\Users\migui\.m2\repository\org\springframework\boot\spring-boot-starter-validation\2.1.3.RELEASE\spring-boot-starter-validation-2.1.3.RELEASE.jar;C:\Users\migui\.m2\repository\org\springframework\spring-messaging\5.1.5.RELEASE\spring-messaging-5.1.5.RELEASE.jar;C:\Users\migui\.m2\repository\org\springframework\spring-tuple\1.0.0.RELEASE\spring-tuple-1.0.0.RELEASE.jar;C:\Users\migui\.m2\repository\com\esotericsoftware\kryo-shaded\3.0.3\kryo-shaded-3.0.3.jar;C:\Users\migui\.m2\repository\com\esotericsoftware\minlog\1.3.0\minlog-1.3.0.jar;C:\Users\migui\.m2\repository\org\objenesis\objenesis\2.1\objenesis-2.1.jar;C:\Users\migui\.m2\repository\org\springframework\integration\spring-integration-tuple\1.0.0.RELEASE\spring-integration-tuple-1.0.0.RELEASE.jar;C:\Users\migui\.m2\repository\org\springframework\retry\spring-retry\1.2.4.RELEASE\spring-retry-1.2.4.RELEASE.jar;C:\Users\migui\.m2\repository\org\springframework\cloud\spring-cloud-function-context\2.0.0.RELEASE\spring-cloud-function-context-2.0.0.RELEASE.jar;C:\Users\migui\.m2\repository\org\springframework\cloud\spring-cloud-function-core\2.0.0.RELEASE\spring-cloud-function-core-2.0.0.RELEASE.jar;C:\Users\migui\.m2\repository\org\springframework\integration\spring-integration-core\5.1.3.RELEASE\spring-integration-core-5.1.3.RELEASE.jar;C:\Users\migui\.m2\repository\io\projectreactor\reactor-core\3.2.6.RELEASE\reactor-core-3.2.6.RELEASE.jar;C:\Users\migui\.m2\repository\org\springframework\cloud\spring-cloud-starter-hystrix\1.4.6.RELEASE\spring-cloud-starter-hystrix-1.4.6.RELEASE.jar;C:\Users\migui\.m2\repository\org\jetbrains\kotlin\kotlin-stdlib-jdk8\1.3.61\kotlin-stdlib-jdk8-1.3.61.jar;C:\Users\migui\.m2\repository\org\jetbrains\kotlin\kotlin-stdlib\1.3.61\kotlin-stdlib-1.3.61.jar;C:\Users\migui\.m2\repository\org\jetbrains\kotlin\kotlin-stdlib-common\1.3.61\kotlin-stdlib-common-1.3.61.jar;C:\Users\migui\.m2\repository\org\jetbrains\annotations\13.0\annotations-13.0.jar;C:\Users\migui\.m2\repository\org\jetbrains\kotlin\kotlin-stdlib-jdk7\1.3.61\kotlin-stdlib-jdk7-1.3.61.jar;C:\Users\migui\.m2\repository\org\jetbrains\kotlin\kotlin-reflect\1.3.60\kotlin-reflect-1.3.60.jar;C:\Users\migui\.m2\repository\org\jetbrains\kotlin\kotlin-test\1.3.61\kotlin-test-1.3.61.jar;C:\Users\migui\.m2\repository\org\jetbrains\kotlin\kotlin-test-common\1.3.61\kotlin-test-common-1.3.61.jar;"/>
    <property name="sun.cpu.endian" value="little"/>
    <property name="user.home" value="C:\Users\migui"/>
    <property name="user.language" value="es"/>
    <property name="java.specification.vendor" value="Oracle Corporation"/>
    <property name="java.version.date" value="2019-09-17"/>
    <property name="java.home" value="C:\Program Files\Java\jdk-13"/>
    <property name="file.separator" value="\"/>
    <property name="basedir" value="C:\Users\migui\Coding\spring-cloud-sample\microservices\currency-exchange-service"/>
    <property name="java.vm.compressedOopsMode" value="Zero based"/>
    <property name="line.separator" value="&#10;"/>
    <property name="java.vm.specification.vendor" value="Oracle Corporation"/>
    <property name="java.specification.name" value="Java Platform API Specification"/>
    <property name="surefire.real.class.path" value="C:\Users\migui\AppData\Local\Temp\surefire16191909506878648717\surefirebooter3647301863944299835.jar"/>
    <property name="user.script" value=""/>
    <property name="sun.management.compiler" value="HotSpot 64-Bit Tiered Compilers"/>
    <property name="java.runtime.version" value="13+33"/>
    <property name="user.name" value="migui"/>
    <property name="path.separator" value=";"/>
    <property name="os.version" value="10.0"/>
    <property name="java.runtime.name" value="Java(TM) SE Runtime Environment"/>
    <property name="file.encoding" value="Cp1252"/>
    <property name="java.vm.name" value="Java HotSpot(TM) 64-Bit Server VM"/>
    <property name="localRepository" value="C:\Users\migui\.m2\repository"/>
    <property name="java.vendor.url.bug" value="https://bugreport.java.com/bugreport/"/>
    <property name="java.io.tmpdir" value="C:\Users\migui\AppData\Local\Temp\"/>
    <property name="java.version" value="13"/>
    <property name="user.dir" value="C:\Users\migui\Coding\spring-cloud-sample\microservices\currency-exchange-service"/>
    <property name="os.arch" value="amd64"/>
    <property name="java.vm.specification.name" value="Java Virtual Machine Specification"/>
    <property name="sun.os.patch.level" value=""/>
    <property name="java.library.path" value="C:\Program Files\Java\jdk-13\bin;C:\WINDOWS\Sun\Java\bin;C:\WINDOWS\system32;C:\WINDOWS;C:\Users\migui\bin;C:\Program Files\Git\mingw64\bin;C:\Program Files\Git\usr\local\bin;C:\Program Files\Git\usr\bin;C:\Program Files\Git\usr\bin;C:\Program Files\Git\mingw64\bin;C:\Program Files\Git\usr\bin;C:\Users\migui\bin;C:\Program Files (x86)\NVIDIA Corporation\PhysX\Common;C:\Program Files\Python37\Scripts;C:\Program Files\Python37;C:\WINDOWS\system32;C:\WINDOWS;C:\WINDOWS\System32\Wbem;C:\WINDOWS\System32\WindowsPowerShell\v1.0;C:\WINDOWS\System32\OpenSSH;C:\Program Files (x86)\Calibre2;C:\Program Files\Git\cmd;C:\Users\migui\AppData\Local\Microsoft\WindowsApps;C:\Program Files\JetBrains\PyCharm Edu 2019.1\bin;C:\Program Files\JetBrains\PyCharm 2019.1.2\bin;C:\Users\migui\AppData\Local\Programs\Microsoft VS Code\bin;C:\Panda3D-1.10.4.1-x64\python;C:\Panda3D-1.10.4.1-x64\python\Scripts;C:\Panda3D-1.10.4.1-x64\bin;C:\Users\migui\AppData\Roaming\Python\Python37\Scripts;C:\Program Files\Java\jdk-13\bin;C:\apache-maven-3.6.3\bin;C:\Program Files\Git\usr\bin\vendor_perl;C:\Program Files\Git\usr\bin\core_perl;."/>
    <property name="java.vm.info" value="mixed mode, sharing"/>
    <property name="java.vendor" value="Oracle Corporation"/>
    <property name="java.vm.version" value="13+33"/>
    <property name="sun.io.unicode.encoding" value="UnicodeLittle"/>
    <property name="java.class.version" value="57.0"/>
  </properties>
  <testcase name="shouldAnswerWithTrue" classname="org.cinexin.AppTest" time="0"/>
</testsuite>