<?xml version="1.0" encoding="UTF-8"?>
<testsuite xmlns:xsi="http://www.w3.org/2001/XMLSchema-instance" xsi:noNamespaceSchemaLocation="https://maven.apache.org/surefire/maven-surefire-plugin/xsd/surefire-test-report.xsd" name="org.cinexin.AppTest" time="0.038" tests="1" errors="0" skipped="0" failures="0">
  <properties>
    <property name="java.specification.version" value="13"/>
    <property name="sun.cpu.isalist" value="amd64"/>
    <property name="sun.jnu.encoding" value="Cp1252"/>
    <property name="java.class.path" value="C:\Users\migui\Coding\spring-cloud-sample\microservices\netflix-eureka-naming-server\target\test-classes;C:\Users\migui\Coding\spring-cloud-sample\microservices\netflix-eureka-naming-server\target\classes;C:\Users\migui\.m2\repository\junit\junit\4.11\junit-4.11.jar;C:\Users\migui\.m2\repository\org\hamcrest\hamcrest-core\1.3\hamcrest-core-1.3.jar;C:\Users\migui\.m2\repository\org\jetbrains\kotlin\kotlin-stdlib-jdk8\1.3.61\kotlin-stdlib-jdk8-1.3.61.jar;C:\Users\migui\.m2\repository\org\jetbrains\kotlin\kotlin-stdlib\1.3.61\kotlin-stdlib-1.3.61.jar;C:\Users\migui\.m2\repository\org\jetbrains\kotlin\kotlin-stdlib-common\1.3.61\kotlin-stdlib-common-1.3.61.jar;C:\Users\migui\.m2\repository\org\jetbrains\annotations\13.0\annotations-13.0.jar;C:\Users\migui\.m2\repository\org\jetbrains\kotlin\kotlin-stdlib-jdk7\1.3.61\kotlin-stdlib-jdk7-1.3.61.jar;C:\Users\migui\.m2\repository\org\jetbrains\kotlin\kotlin-reflect\1.3.60\kotlin-reflect-1.3.60.jar;C:\Users\migui\.m2\repository\org\jetbrains\kotlin\kotlin-test\1.3.61\kotlin-test-1.3.61.jar;C:\Users\migui\.m2\repository\org\jetbrains\kotlin\kotlin-test-common\1.3.61\kotlin-test-common-1.3.61.jar;"/>
    <property name="java.vm.vendor" value="Oracle Corporation"/>
    <property name="sun.arch.data.model" value="64"/>
    <property name="user.variant" value=""/>
    <property name="java.vendor.url" value="https://java.oracle.com/"/>
    <property name="user.timezone" value="Europe/Madrid"/>
    <property name="os.name" value="Windows 10"/>
    <property name="java.vm.specification.version" value="13"/>
    <property name="sun.java.launcher" value="SUN_STANDARD"/>
    <property name="user.country" value="ES"/>
    <property name="sun.boot.library.path" value="C:\Program Files\Java\jdk-13\bin"/>
    <property name="sun.java.command" value="C:\Users\migui\AppData\Local\Temp\surefire2876028435196783851\surefirebooter8145525944137923817.jar C:\Users\migui\AppData\Local\Temp\surefire2876028435196783851 2020-01-04T12-07-48_910-jvmRun1 surefire582683632510603977tmp surefire_111503225474943408445tmp"/>
    <property name="jdk.debug" value="release"/>
    <property name="surefire.test.class.path" value="C:\Users\migui\Coding\spring-cloud-sample\microservices\netflix-eureka-naming-server\target\test-classes;C:\Users\migui\Coding\spring-cloud-sample\microservices\netflix-eureka-naming-server\target\classes;C:\Users\migui\.m2\repository\junit\junit\4.11\junit-4.11.jar;C:\Users\migui\.m2\repository\org\hamcrest\hamcrest-core\1.3\hamcrest-core-1.3.jar;C:\Users\migui\.m2\repository\org\jetbrains\kotlin\kotlin-stdlib-jdk8\1.3.61\kotlin-stdlib-jdk8-1.3.61.jar;C:\Users\migui\.m2\repository\org\jetbrains\kotlin\kotlin-stdlib\1.3.61\kotlin-stdlib-1.3.61.jar;C:\Users\migui\.m2\repository\org\jetbrains\kotlin\kotlin-stdlib-common\1.3.61\kotlin-stdlib-common-1.3.61.jar;C:\Users\migui\.m2\repository\org\jetbrains\annotations\13.0\annotations-13.0.jar;C:\Users\migui\.m2\repository\org\jetbrains\kotlin\kotlin-stdlib-jdk7\1.3.61\kotlin-stdlib-jdk7-1.3.61.jar;C:\Users\migui\.m2\repository\org\jetbrains\kotlin\kotlin-reflect\1.3.60\kotlin-reflect-1.3.60.jar;C:\Users\migui\.m2\repository\org\jetbrains\kotlin\kotlin-test\1.3.61\kotlin-test-1.3.61.jar;C:\Users\migui\.m2\repository\org\jetbrains\kotlin\kotlin-test-common\1.3.61\kotlin-test-common-1.3.61.jar;"/>
    <property name="sun.cpu.endian" value="little"/>
    <property name="user.home" value="C:\Users\migui"/>
    <property name="user.language" value="es"/>
    <property name="java.specification.vendor" value="Oracle Corporation"/>
    <property name="java.version.date" value="2019-09-17"/>
    <property name="java.home" value="C:\Program Files\Java\jdk-13"/>
    <property name="file.separator" value="\"/>
    <property name="basedir" value="C:\Users\migui\Coding\spring-cloud-sample\microservices\netflix-eureka-naming-server"/>
    <property name="java.vm.compressedOopsMode" value="Zero based"/>
    <property name="line.separator" value="&#10;"/>
    <property name="java.vm.specification.vendor" value="Oracle Corporation"/>
    <property name="java.specification.name" value="Java Platform API Specification"/>
    <property name="surefire.real.class.path" value="C:\Users\migui\AppData\Local\Temp\surefire2876028435196783851\surefirebooter8145525944137923817.jar"/>
    <property name="user.script" value=""/>
    <property name="sun.management.compiler" value="HotSpot 64-Bit Tiered Compilers"/>
    <property name="java.runtime.version" value="13+33"/>
    <property name="user.name" value="migui"/>
    <property name="path.separator" value=";"/>
    <property name="os.version" value="10.0"/>
    <property name="java.runtime.name" value="Java(TM) SE Runtime Environment"/>
    <property name="file.encoding" value="Cp1252"/>
    <property name="java.vm.name" value="Java HotSpot(TM) 64-Bit Server VM"/>
    <property name="localRepository" value="C:\Users\migui\.m2\repository"/>
    <property name="java.vendor.url.bug" value="https://bugreport.java.com/bugreport/"/>
    <property name="java.io.tmpdir" value="C:\Users\migui\AppData\Local\Temp\"/>
    <property name="java.version" value="13"/>
    <property name="user.dir" value="C:\Users\migui\Coding\spring-cloud-sample\microservices\netflix-eureka-naming-server"/>
    <property name="os.arch" value="amd64"/>
    <property name="java.vm.specification.name" value="Java Virtual Machine Specification"/>
    <property name="sun.os.patch.level" value=""/>
    <property name="java.library.path" value="C:\Program Files\Java\jdk-13\bin;C:\WINDOWS\Sun\Java\bin;C:\WINDOWS\system32;C:\WINDOWS;C:\Users\migui\bin;C:\Program Files\Git\mingw64\bin;C:\Program Files\Git\usr\local\bin;C:\Program Files\Git\usr\bin;C:\Program Files\Git\usr\bin;C:\Program Files\Git\mingw64\bin;C:\Program Files\Git\usr\bin;C:\Users\migui\bin;C:\Program Files (x86)\NVIDIA Corporation\PhysX\Common;C:\Program Files\Python37\Scripts;C:\Program Files\Python37;C:\WINDOWS\system32;C:\WINDOWS;C:\WINDOWS\System32\Wbem;C:\WINDOWS\System32\WindowsPowerShell\v1.0;C:\WINDOWS\System32\OpenSSH;C:\Program Files (x86)\Calibre2;C:\Program Files\Git\cmd;C:\Users\migui\AppData\Local\Microsoft\WindowsApps;C:\Program Files\JetBrains\PyCharm Edu 2019.1\bin;C:\Program Files\JetBrains\PyCharm 2019.1.2\bin;C:\Users\migui\AppData\Local\Programs\Microsoft VS Code\bin;C:\Panda3D-1.10.4.1-x64\python;C:\Panda3D-1.10.4.1-x64\python\Scripts;C:\Panda3D-1.10.4.1-x64\bin;C:\Users\migui\AppData\Roaming\Python\Python37\Scripts;C:\Program Files\Java\jdk-13\bin;C:\apache-maven-3.6.3\bin;C:\Program Files\Git\usr\bin\vendor_perl;C:\Program Files\Git\usr\bin\core_perl;."/>
    <property name="java.vm.info" value="mixed mode, sharing"/>
    <property name="java.vendor" value="Oracle Corporation"/>
    <property name="java.vm.version" value="13+33"/>
    <property name="sun.io.unicode.encoding" value="UnicodeLittle"/>
    <property name="java.class.version" value="57.0"/>
  </properties>
  <testcase name="shouldAnswerWithTrue" classname="org.cinexin.AppTest" time="0"/>
</testsuite>